<?xml version="1.0" encoding="UTF-8"?>
<robot generator="Robot 3.2 (Python 3.7.4 on win32)" generated="20200713 19:39:24.876" rpa="false">
<suite id="s1" name="IntroductionRobotframwork" source="C:\Users\Utilisateur\eclipse-workspace\IntroductionRobotframwork">
<suite id="s1-s1" name="MesTests" source="C:\Users\Utilisateur\eclipse-workspace\IntroductionRobotframwork\MesTests">
<suite id="s1-s1-s1" name="Exercice3" source="C:\Users\Utilisateur\eclipse-workspace\IntroductionRobotframwork\MesTests\exercice3.robot">
<test id="s1-s1-s1-t1" name="test login">
<kw name="Open Browser" library="SeleniumLibrary">
<doc>Opens a new browser instance to the optional ``url``.</doc>
<arguments>
<arg>${URL}</arg>
<arg>${browser}</arg>
</arguments>
<msg timestamp="20200713 19:39:25.457" level="INFO">Opening browser 'gc' to base url 'https://opensource-demo.orangehrmlive.com/index.php/auth/login'.</msg>
<status status="PASS" starttime="20200713 19:39:25.455" endtime="20200713 19:39:30.752"></status>
</kw>
<kw name="Maximize Browser Window" library="SeleniumLibrary">
<doc>Maximizes current browser window.</doc>
<status status="PASS" starttime="20200713 19:39:30.753" endtime="20200713 19:39:33.208"></status>
</kw>
<kw name="Input Text" library="SeleniumLibrary">
<doc>Types the given ``text`` into the text field identified by ``locator``.</doc>
<arguments>
<arg>//input[@id='txtUsername']</arg>
<arg>&amp;{dataLogin}[username]</arg>
</arguments>
<msg timestamp="20200713 19:39:33.210" level="WARN">Accessing variable items using '&amp;{dataLogin}[username]' syntax is deprecated. Use '${dataLogin}[username]' instead.</msg>
<msg timestamp="20200713 19:39:33.211" level="INFO">Typing text 'Admin' into text field '//input[@id='txtUsername']'.</msg>
<status status="PASS" starttime="20200713 19:39:33.209" endtime="20200713 19:39:33.564"></status>
</kw>
<kw name="Input Password" library="SeleniumLibrary">
<doc>Types the given password into the text field identified by ``locator``.</doc>
<arguments>
<arg>//input[@id='txtPassword']</arg>
<arg>&amp;{dataLogin}[password]</arg>
</arguments>
<msg timestamp="20200713 19:39:33.565" level="WARN">Accessing variable items using '&amp;{dataLogin}[password]' syntax is deprecated. Use '${dataLogin}[password]' instead.</msg>
<msg timestamp="20200713 19:39:33.565" level="INFO">Typing password into text field '//input[@id='txtPassword']'.</msg>
<msg timestamp="20200713 19:39:33.667" level="INFO">Temporally setting log level to: NONE</msg>
<msg timestamp="20200713 19:39:33.808" level="INFO">Log level changed from NONE to INFO.</msg>
<status status="PASS" starttime="20200713 19:39:33.564" endtime="20200713 19:39:33.808"></status>
</kw>
<kw name="Click Button" library="SeleniumLibrary">
<doc>Clicks the button identified by ``locator``.</doc>
<arguments>
<arg>id=btnLogin</arg>
</arguments>
<msg timestamp="20200713 19:39:33.809" level="INFO">Clicking button 'id=btnLogin'.</msg>
<status status="PASS" starttime="20200713 19:39:33.808" endtime="20200713 19:39:35.635"></status>
</kw>
<kw name="Click Element" library="SeleniumLibrary">
<doc>Click the element identified by ``locator``.</doc>
<arguments>
<arg>id=welcome</arg>
</arguments>
<msg timestamp="20200713 19:39:35.636" level="INFO">Clicking element 'id=welcome'.</msg>
<status status="PASS" starttime="20200713 19:39:35.636" endtime="20200713 19:39:36.420"></status>
</kw>
<kw name="Set Browser Implicit Wait" library="SeleniumLibrary">
<doc>Sets the implicit wait value used by Selenium.</doc>
<arguments>
<arg>5</arg>
</arguments>
<status status="PASS" starttime="20200713 19:39:36.420" endtime="20200713 19:39:36.422"></status>
</kw>
<kw name="Click Element" library="SeleniumLibrary">
<doc>Click the element identified by ``locator``.</doc>
<arguments>
<arg>link=Logout</arg>
</arguments>
<msg timestamp="20200713 19:39:36.423" level="INFO">Clicking element 'link=Logout'.</msg>
<status status="PASS" starttime="20200713 19:39:36.422" endtime="20200713 19:39:37.735"></status>
</kw>
<kw name="Log" library="BuiltIn">
<doc>Logs the given message with the given level.</doc>
<arguments>
<arg>ceci est un test excute par %{username} dans %{os}</arg>
</arguments>
<msg timestamp="20200713 19:39:37.737" level="INFO">ceci est un test excute par Utilisateur dans Windows_NT</msg>
<status status="PASS" starttime="20200713 19:39:37.736" endtime="20200713 19:39:37.737"></status>
</kw>
<kw name="Log" library="BuiltIn">
<doc>Logs the given message with the given level.</doc>
<arguments>
<arg>fin de test</arg>
</arguments>
<msg timestamp="20200713 19:39:37.738" level="INFO">fin de test</msg>
<status status="PASS" starttime="20200713 19:39:37.738" endtime="20200713 19:39:37.738"></status>
</kw>
<doc>ceci est un test de login/logout</doc>
<status status="PASS" starttime="20200713 19:39:25.453" endtime="20200713 19:39:37.739" critical="yes"></status>
</test>
<status status="PASS" starttime="20200713 19:39:25.102" endtime="20200713 19:39:37.741"></status>
</suite>
<status status="PASS" starttime="20200713 19:39:25.096" endtime="20200713 19:39:37.748"></status>
</suite>
<status status="PASS" starttime="20200713 19:39:25.039" endtime="20200713 19:39:37.752"></status>
</suite>
<statistics>
<total>
<stat pass="1" fail="0">Critical Tests</stat>
<stat pass="1" fail="0">All Tests</stat>
</total>
<tag>
</tag>
<suite>
<stat pass="1" fail="0" id="s1" name="IntroductionRobotframwork">IntroductionRobotframwork</stat>
<stat pass="1" fail="0" id="s1-s1" name="MesTests">IntroductionRobotframwork.MesTests</stat>
<stat pass="1" fail="0" id="s1-s1-s1" name="Exercice3">IntroductionRobotframwork.MesTests.Exercice3</stat>
</suite>
</statistics>
<errors>
<msg timestamp="20200713 19:39:33.210" level="WARN">Accessing variable items using '&amp;{dataLogin}[username]' syntax is deprecated. Use '${dataLogin}[username]' instead.</msg>
<msg timestamp="20200713 19:39:33.565" level="WARN">Accessing variable items using '&amp;{dataLogin}[password]' syntax is deprecated. Use '${dataLogin}[password]' instead.</msg>
</errors>
</robot>
